<?xml version="1.0" encoding="UTF-8"?>
<!-- Generated by org.testng.reporters.JUnitReportReporter -->
<testsuite hostname="NB-267" name="org.song.example.TextTest" tests="1" failures="0" timestamp="26 Aug 2016 10:20:27 GMT" time="0.001" errors="0">
  <testcase name="reverse" time="0.001" classname="org.song.example.TextTest"/>
</testsuite> <!-- org.song.example.TextTest -->
